<?xml version="1.0" encoding="UTF-8"?>
<!-- Generated by org.testng.reporters.JUnitReportReporter -->
<testsuite hostname="DESKTOP-JH339UV" failures="0" tests="1" name="utils.ExcelReadUtil" time="0.051" errors="0" timestamp="2021-06-24T12:57:58 IST" skipped="0">
  <testcase classname="utils.ExcelReadUtil" name="compareSheets" time="0.051"/>
  <system-out/>
</testsuite> <!-- utils.ExcelReadUtil -->
