<?xml version="1.0" encoding="UTF-8"?>
<!-- Generated by org.testng.reporters.JUnitReportReporter -->
<testsuite hostname="DESKTOP-JH339UV" failures="0" tests="2" name="tests.LoginTest" time="12.697" errors="0" timestamp="2021-06-23T20:08:19 IST" skipped="0">
  <testcase classname="tests.LoginTest" name="verifyTitle" time="1.915"/>
  <system-out/>
  <testcase classname="tests.LoginTest" name="modifyPersonalDetails" time="10.782"/>
  <system-out/>
</testsuite> <!-- tests.LoginTest -->
